[ 2012-10-31T11:53:44+08:00 ] ERR: (ThinkException) 模板不存在[D:/dev/language_learn/thinkPHP/Tpl/default/Index/topic.html]
[ 2012-10-31T11:54:27+08:00 ] NOTIC: [8] Undefined variable: list d7115810a950458842d566554f7a69e6.php 第 13 行.
[ 2012-10-31T11:55:19+08:00 ] SQL: SHOW COLUMNS FROM `think_topic` [ RunTime:0.028994s ]
[ 2012-10-31T11:55:19+08:00 ] SQL: SELECT * FROM `think_topic` [ RunTime:0.000259s ]
[ 2012-10-31T11:55:36+08:00 ] SQL: SHOW COLUMNS FROM `topic` [ RunTime:0.111686s ]
[ 2012-10-31T11:55:36+08:00 ] SQL: SELECT * FROM `topic` [ RunTime:0.192401s ]
[ 2012-10-31T13:11:58+08:00 ] SQL: SHOW COLUMNS FROM `topic` [ RunTime:0.025992s ]
[ 2012-10-31T13:11:58+08:00 ] SQL: SELECT * FROM `topic` LEFT JOIN  user u on u.id=topic.owner [ RunTime:0.103541s ]
[ 2012-10-31T13:12:55+08:00 ] SQL: SHOW COLUMNS FROM `topic` [ RunTime:0.005849s ]
[ 2012-10-31T13:12:55+08:00 ] SQL: SELECT * FROM `topic` LEFT JOIN  user u on u.id=topic.owner [ RunTime:0.000442s ]
[ 2012-10-31T13:13:15+08:00 ] SQL: SHOW COLUMNS FROM `topic` [ RunTime:0.005554s ]
[ 2012-10-31T13:13:15+08:00 ] SQL: SELECT * FROM `topic` LEFT JOIN  user u on u.id=topic.owner [ RunTime:0.000367s ]
[ 2012-10-31T13:13:15+08:00 ] NOTIC: [8] Undefined index: u d7115810a950458842d566554f7a69e6.php 第 14 行.
[ 2012-10-31T13:13:15+08:00 ] NOTIC: [8] Undefined index: u d7115810a950458842d566554f7a69e6.php 第 14 行.
[ 2012-10-31T13:19:01+08:00 ] SQL: SHOW COLUMNS FROM `topic` [ RunTime:0.005086s ]
[ 2012-10-31T13:19:01+08:00 ] SQL: SELECT t.*,u.name FROM topic t LEFT JOIN  user u on u.id=t.owner [ RunTime:0.013852s ]
[ 2012-10-31T13:58:25+08:00 ] SQL: SHOW COLUMNS FROM `topic` [ RunTime:0.005426s ]
[ 2012-10-31T13:58:25+08:00 ] SQL: SELECT t.*,u.name FROM topic t LEFT JOIN  user u on u.id=t.owner [ RunTime:0.000418s ]
[ 2012-10-31T13:58:25+08:00 ] NOTIC: [8] Use of undefined constant session - assumed 'session' d7115810a950458842d566554f7a69e6.php 第 2 行.
[ 2012-10-31T13:58:25+08:00 ] NOTIC: [8] Undefined variable: Think d7115810a950458842d566554f7a69e6.php 第 2 行.
[ 2012-10-31T13:58:25+08:00 ] NOTIC: [8] Use of undefined constant uid - assumed 'uid' d7115810a950458842d566554f7a69e6.php 第 2 行.
[ 2012-10-31T13:58:25+08:00 ] NOTIC: [8] Undefined index: uname d7115810a950458842d566554f7a69e6.php 第 2 行.
[ 2012-10-31T13:58:45+08:00 ] SQL: SHOW COLUMNS FROM `topic` [ RunTime:0.005168s ]
[ 2012-10-31T13:58:45+08:00 ] SQL: SELECT t.*,u.name FROM topic t LEFT JOIN  user u on u.id=t.owner [ RunTime:0.000330s ]
[ 2012-10-31T13:58:45+08:00 ] NOTIC: [8] Use of undefined constant session - assumed 'session' d7115810a950458842d566554f7a69e6.php 第 2 行.
[ 2012-10-31T13:58:45+08:00 ] NOTIC: [8] Undefined variable: Think d7115810a950458842d566554f7a69e6.php 第 2 行.
[ 2012-10-31T13:58:45+08:00 ] NOTIC: [8] Use of undefined constant uid - assumed 'uid' d7115810a950458842d566554f7a69e6.php 第 2 行.
[ 2012-10-31T13:58:45+08:00 ] NOTIC: [8] Undefined index: uid d7115810a950458842d566554f7a69e6.php 第 2 行.
[ 2012-10-31T13:58:45+08:00 ] NOTIC: [8] Undefined index: uname d7115810a950458842d566554f7a69e6.php 第 2 行.
[ 2012-10-31T16:23:53+08:00 ] ERR: (ThinkException) Action:loginCheck您所请求的方法不存在！
[ 2012-10-31T16:24:16+08:00 ] ERR: (ThinkException) 模板不存在[D:/dev/language_learn/thinkPHP/Tpl/default/Public/success.html]
[ 2012-10-31T16:26:07+08:00 ] NOTIC: [8] Undefined index: uid LoginCheckAction.class.php 第 6 行.
[ 2012-10-31T16:29:00+08:00 ] NOTIC: [8] Undefined index: uid LoginCheckAction.class.php 第 6 行.
[ 2012-10-31T16:30:58+08:00 ] NOTIC: [8] Undefined index: uid LoginCheckAction.class.php 第 6 行.
[ 2012-10-31T16:31:01+08:00 ] NOTIC: [8] Undefined index: uid LoginCheckAction.class.php 第 6 行.
[ 2012-10-31T16:31:04+08:00 ] NOTIC: [8] Undefined index: uid LoginCheckAction.class.php 第 6 行.
[ 2012-10-31T16:31:07+08:00 ] NOTIC: [8] Undefined index: uid LoginCheckAction.class.php 第 6 行.
[ 2012-10-31T16:31:10+08:00 ] NOTIC: [8] Undefined index: uid LoginCheckAction.class.php 第 6 行.
[ 2012-10-31T16:31:13+08:00 ] NOTIC: [8] Undefined index: uid LoginCheckAction.class.php 第 6 行.
[ 2012-10-31T16:31:16+08:00 ] NOTIC: [8] Undefined index: uid LoginCheckAction.class.php 第 6 行.
[ 2012-10-31T16:31:19+08:00 ] NOTIC: [8] Undefined index: uid LoginCheckAction.class.php 第 6 行.
[ 2012-10-31T16:31:22+08:00 ] NOTIC: [8] Undefined index: uid LoginCheckAction.class.php 第 6 行.
[ 2012-10-31T16:31:25+08:00 ] NOTIC: [8] Undefined index: uid LoginCheckAction.class.php 第 6 行.
[ 2012-10-31T16:31:28+08:00 ] NOTIC: [8] Undefined index: uid LoginCheckAction.class.php 第 6 行.
[ 2012-10-31T16:31:31+08:00 ] NOTIC: [8] Undefined index: uid LoginCheckAction.class.php 第 6 行.
[ 2012-10-31T16:31:35+08:00 ] NOTIC: [8] Undefined index: uid LoginCheckAction.class.php 第 6 行.
[ 2012-10-31T16:31:38+08:00 ] NOTIC: [8] Undefined index: uid LoginCheckAction.class.php 第 6 行.
[ 2012-10-31T16:31:41+08:00 ] NOTIC: [8] Undefined index: uid LoginCheckAction.class.php 第 6 行.
[ 2012-10-31T16:31:44+08:00 ] NOTIC: [8] Undefined index: uid LoginCheckAction.class.php 第 6 行.
[ 2012-10-31T16:31:47+08:00 ] NOTIC: [8] Undefined index: uid LoginCheckAction.class.php 第 6 行.
[ 2012-10-31T16:31:50+08:00 ] NOTIC: [8] Undefined index: uid LoginCheckAction.class.php 第 6 行.
[ 2012-10-31T16:31:53+08:00 ] NOTIC: [8] Undefined index: uid LoginCheckAction.class.php 第 6 行.
[ 2012-10-31T16:31:56+08:00 ] NOTIC: [8] Undefined index: uid LoginCheckAction.class.php 第 6 行.
[ 2012-10-31T16:31:59+08:00 ] NOTIC: [8] Undefined index: uid LoginCheckAction.class.php 第 6 行.
[ 2012-10-31T16:32:02+08:00 ] NOTIC: [8] Undefined index: uid LoginCheckAction.class.php 第 6 行.
[ 2012-10-31T16:32:05+08:00 ] NOTIC: [8] Undefined index: uid LoginCheckAction.class.php 第 6 行.
[ 2012-10-31T16:32:08+08:00 ] NOTIC: [8] Undefined index: uid LoginCheckAction.class.php 第 6 行.
[ 2012-10-31T16:32:12+08:00 ] NOTIC: [8] Undefined index: uid LoginCheckAction.class.php 第 6 行.
[ 2012-10-31T16:32:15+08:00 ] NOTIC: [8] Undefined index: uid LoginCheckAction.class.php 第 6 行.
[ 2012-10-31T16:32:18+08:00 ] NOTIC: [8] Undefined index: uid LoginCheckAction.class.php 第 6 行.
[ 2012-10-31T16:32:21+08:00 ] NOTIC: [8] Undefined index: uid LoginCheckAction.class.php 第 6 行.
[ 2012-10-31T16:32:24+08:00 ] NOTIC: [8] Undefined index: uid LoginCheckAction.class.php 第 6 行.
[ 2012-10-31T16:32:27+08:00 ] NOTIC: [8] Undefined index: uid LoginCheckAction.class.php 第 6 行.
[ 2012-10-31T16:32:30+08:00 ] NOTIC: [8] Undefined index: uid LoginCheckAction.class.php 第 6 行.
[ 2012-10-31T16:32:33+08:00 ] NOTIC: [8] Undefined index: uid LoginCheckAction.class.php 第 6 行.
[ 2012-10-31T16:32:36+08:00 ] NOTIC: [8] Undefined index: uid LoginCheckAction.class.php 第 6 行.
[ 2012-10-31T16:32:39+08:00 ] NOTIC: [8] Undefined index: uid LoginCheckAction.class.php 第 6 行.
[ 2012-10-31T16:32:42+08:00 ] NOTIC: [8] Undefined index: uid LoginCheckAction.class.php 第 6 行.
[ 2012-10-31T16:32:45+08:00 ] NOTIC: [8] Undefined index: uid LoginCheckAction.class.php 第 6 行.
[ 2012-10-31T16:32:49+08:00 ] NOTIC: [8] Undefined index: uid LoginCheckAction.class.php 第 6 行.
[ 2012-10-31T16:32:52+08:00 ] NOTIC: [8] Undefined index: uid LoginCheckAction.class.php 第 6 行.
[ 2012-10-31T16:32:55+08:00 ] NOTIC: [8] Undefined index: uid LoginCheckAction.class.php 第 6 行.
[ 2012-10-31T16:32:58+08:00 ] NOTIC: [8] Undefined index: uid LoginCheckAction.class.php 第 6 行.
[ 2012-10-31T16:33:01+08:00 ] NOTIC: [8] Undefined index: uid LoginCheckAction.class.php 第 6 行.
[ 2012-10-31T16:33:04+08:00 ] NOTIC: [8] Undefined index: uid LoginCheckAction.class.php 第 6 行.
[ 2012-10-31T16:33:07+08:00 ] NOTIC: [8] Undefined index: uid LoginCheckAction.class.php 第 6 行.
[ 2012-10-31T16:33:10+08:00 ] NOTIC: [8] Undefined index: uid LoginCheckAction.class.php 第 6 行.
[ 2012-10-31T16:33:13+08:00 ] NOTIC: [8] Undefined index: uid LoginCheckAction.class.php 第 6 行.
[ 2012-10-31T16:33:16+08:00 ] NOTIC: [8] Undefined index: uid LoginCheckAction.class.php 第 6 行.
[ 2012-10-31T16:33:19+08:00 ] NOTIC: [8] Undefined index: uid LoginCheckAction.class.php 第 6 行.
[ 2012-10-31T16:33:22+08:00 ] NOTIC: [8] Undefined index: uid LoginCheckAction.class.php 第 6 行.
[ 2012-10-31T16:33:25+08:00 ] NOTIC: [8] Undefined index: uid LoginCheckAction.class.php 第 6 行.
[ 2012-10-31T16:33:29+08:00 ] NOTIC: [8] Undefined index: uid LoginCheckAction.class.php 第 6 行.
[ 2012-10-31T16:33:32+08:00 ] NOTIC: [8] Undefined index: uid LoginCheckAction.class.php 第 6 行.
[ 2012-10-31T16:33:35+08:00 ] NOTIC: [8] Undefined index: uid LoginCheckAction.class.php 第 6 行.
[ 2012-10-31T16:33:38+08:00 ] NOTIC: [8] Undefined index: uid LoginCheckAction.class.php 第 6 行.
[ 2012-10-31T16:33:41+08:00 ] NOTIC: [8] Undefined index: uid LoginCheckAction.class.php 第 6 行.
[ 2012-10-31T16:33:44+08:00 ] NOTIC: [8] Undefined index: uid LoginCheckAction.class.php 第 6 行.
[ 2012-10-31T16:33:47+08:00 ] NOTIC: [8] Undefined index: uid LoginCheckAction.class.php 第 6 行.
[ 2012-10-31T16:33:50+08:00 ] NOTIC: [8] Undefined index: uid LoginCheckAction.class.php 第 6 行.
[ 2012-10-31T16:33:53+08:00 ] NOTIC: [8] Undefined index: uid LoginCheckAction.class.php 第 6 行.
[ 2012-10-31T16:33:56+08:00 ] NOTIC: [8] Undefined index: uid LoginCheckAction.class.php 第 6 行.
[ 2012-10-31T16:33:59+08:00 ] NOTIC: [8] Undefined index: uid LoginCheckAction.class.php 第 6 行.
[ 2012-10-31T16:34:02+08:00 ] NOTIC: [8] Undefined index: uid LoginCheckAction.class.php 第 6 行.
[ 2012-10-31T16:34:05+08:00 ] NOTIC: [8] Undefined index: uid LoginCheckAction.class.php 第 6 行.
[ 2012-10-31T16:34:09+08:00 ] NOTIC: [8] Undefined index: uid LoginCheckAction.class.php 第 6 行.
[ 2012-10-31T16:34:12+08:00 ] NOTIC: [8] Undefined index: uid LoginCheckAction.class.php 第 6 行.
[ 2012-10-31T16:34:15+08:00 ] NOTIC: [8] Undefined index: uid LoginCheckAction.class.php 第 6 行.
[ 2012-10-31T16:34:18+08:00 ] NOTIC: [8] Undefined index: uid LoginCheckAction.class.php 第 6 行.
[ 2012-10-31T16:34:21+08:00 ] NOTIC: [8] Undefined index: uid LoginCheckAction.class.php 第 6 行.
[ 2012-10-31T16:34:24+08:00 ] NOTIC: [8] Undefined index: uid LoginCheckAction.class.php 第 6 行.
[ 2012-10-31T16:34:27+08:00 ] NOTIC: [8] Undefined index: uid LoginCheckAction.class.php 第 6 行.
[ 2012-10-31T16:34:30+08:00 ] NOTIC: [8] Undefined index: uid LoginCheckAction.class.php 第 6 行.
[ 2012-10-31T16:34:31+08:00 ] NOTIC: [8] Undefined index: uid LoginCheckAction.class.php 第 6 行.
[ 2012-10-31T16:34:38+08:00 ] NOTIC: [8] Undefined index: uid LoginCheckAction.class.php 第 6 行.
[ 2012-10-31T16:50:00+08:00 ] SQL: SHOW COLUMNS FROM `user` [ RunTime:0.458031s ]
[ 2012-10-31T16:50:00+08:00 ] SQL: SELECT * FROM `user` WHERE name=a [ RunTime:0.047037s ]
[ 2012-10-31T16:50:08+08:00 ] SQL: SHOW COLUMNS FROM `user` [ RunTime:0.008583s ]
[ 2012-10-31T16:50:08+08:00 ] SQL: SELECT * FROM `user` WHERE name=xuhengfei [ RunTime:0.006766s ]
[ 2012-10-31T16:50:28+08:00 ] SQL: SHOW COLUMNS FROM `user` [ RunTime:0.005029s ]
[ 2012-10-31T16:50:28+08:00 ] SQL: SELECT * FROM `user` WHERE name=xuhengfei [ RunTime:0.000199s ]
[ 2012-10-31T16:53:34+08:00 ] SQL: SHOW COLUMNS FROM `user` [ RunTime:0.007357s ]
[ 2012-10-31T16:53:34+08:00 ] SQL: SELECT * FROM `user` WHERE name='xuhengfei' [ RunTime:0.232389s ]
[ 2012-10-31T16:53:34+08:00 ] NOTIC: [8] Undefined index: password LoginAction.class.php 第 15 行.
[ 2012-10-31T16:53:50+08:00 ] SQL: SHOW COLUMNS FROM `user` [ RunTime:0.005471s ]
[ 2012-10-31T16:53:50+08:00 ] SQL: SELECT * FROM `user` WHERE name='xuhengfei' [ RunTime:0.019917s ]
[ 2012-10-31T16:53:50+08:00 ] NOTIC: [8] Undefined index: password LoginAction.class.php 第 15 行.
[ 2012-10-31T16:54:31+08:00 ] SQL: SHOW COLUMNS FROM `user` [ RunTime:0.005135s ]
[ 2012-10-31T16:54:31+08:00 ] SQL: SELECT * FROM `user` WHERE name='xuhengfei' [ RunTime:0.000300s ]
[ 2012-10-31T16:54:38+08:00 ] SQL: SHOW COLUMNS FROM `user` [ RunTime:0.006577s ]
[ 2012-10-31T16:54:38+08:00 ] SQL: SELECT * FROM `user` WHERE name='xuhengfei' [ RunTime:0.031178s ]
[ 2012-10-31T16:54:38+08:00 ] NOTIC: [8] Undefined index: id LoginAction.class.php 第 16 行.
[ 2012-10-31T16:54:38+08:00 ] NOTIC: [8] Undefined index: redirect LoginAction.class.php 第 17 行.
[ 2012-10-31T16:54:39+08:00 ] SQL: SHOW COLUMNS FROM `topic` [ RunTime:0.021380s ]
[ 2012-10-31T16:54:39+08:00 ] SQL: SELECT t.*,u.name FROM topic t LEFT JOIN  user u on u.id=t.owner [ RunTime:0.050950s ]
[ 2012-10-31T16:54:39+08:00 ] NOTIC: [8] Use of undefined constant session - assumed 'session' d7115810a950458842d566554f7a69e6.php 第 2 行.
[ 2012-10-31T16:54:39+08:00 ] NOTIC: [8] Undefined variable: Think d7115810a950458842d566554f7a69e6.php 第 2 行.
[ 2012-10-31T16:54:39+08:00 ] NOTIC: [8] Use of undefined constant uid - assumed 'uid' d7115810a950458842d566554f7a69e6.php 第 2 行.
[ 2012-10-31T16:54:39+08:00 ] NOTIC: [8] Undefined index: uname d7115810a950458842d566554f7a69e6.php 第 2 行.
[ 2012-10-31T17:06:46+08:00 ] SQL: SHOW COLUMNS FROM `topic` [ RunTime:0.005345s ]
[ 2012-10-31T17:06:46+08:00 ] SQL: SELECT t.*,u.name FROM topic t LEFT JOIN  user u on u.id=t.owner [ RunTime:0.000349s ]
[ 2012-10-31T17:06:46+08:00 ] NOTIC: [8] Use of undefined constant session - assumed 'session' d7115810a950458842d566554f7a69e6.php 第 2 行.
[ 2012-10-31T17:06:46+08:00 ] NOTIC: [8] Undefined variable: Think d7115810a950458842d566554f7a69e6.php 第 2 行.
[ 2012-10-31T17:06:46+08:00 ] NOTIC: [8] Use of undefined constant uid - assumed 'uid' d7115810a950458842d566554f7a69e6.php 第 2 行.
[ 2012-10-31T17:06:46+08:00 ] NOTIC: [8] Undefined index: uname d7115810a950458842d566554f7a69e6.php 第 2 行.
[ 2012-10-31T17:06:47+08:00 ] SQL: SHOW COLUMNS FROM `topic` [ RunTime:0.006578s ]
[ 2012-10-31T17:06:47+08:00 ] SQL: SELECT t.*,u.name FROM topic t LEFT JOIN  user u on u.id=t.owner [ RunTime:0.000341s ]
[ 2012-10-31T17:06:47+08:00 ] NOTIC: [8] Use of undefined constant session - assumed 'session' d7115810a950458842d566554f7a69e6.php 第 2 行.
[ 2012-10-31T17:06:47+08:00 ] NOTIC: [8] Undefined variable: Think d7115810a950458842d566554f7a69e6.php 第 2 行.
[ 2012-10-31T17:06:47+08:00 ] NOTIC: [8] Use of undefined constant uid - assumed 'uid' d7115810a950458842d566554f7a69e6.php 第 2 行.
[ 2012-10-31T17:06:47+08:00 ] NOTIC: [8] Undefined index: uname d7115810a950458842d566554f7a69e6.php 第 2 行.
[ 2012-10-31T17:11:30+08:00 ] SQL: SHOW COLUMNS FROM `topic` [ RunTime:0.006429s ]
[ 2012-10-31T17:11:30+08:00 ] SQL: SELECT t.*,u.name FROM topic t LEFT JOIN  user u on u.id=t.owner [ RunTime:0.000320s ]
[ 2012-10-31T17:11:30+08:00 ] NOTIC: [8] Use of undefined constant session - assumed 'session' d7115810a950458842d566554f7a69e6.php 第 2 行.
[ 2012-10-31T17:11:30+08:00 ] NOTIC: [8] Undefined variable: Think d7115810a950458842d566554f7a69e6.php 第 2 行.
[ 2012-10-31T17:11:30+08:00 ] NOTIC: [8] Use of undefined constant uid - assumed 'uid' d7115810a950458842d566554f7a69e6.php 第 2 行.
[ 2012-10-31T17:11:30+08:00 ] NOTIC: [8] Undefined index: uname d7115810a950458842d566554f7a69e6.php 第 2 行.
[ 2012-10-31T17:11:31+08:00 ] SQL: SHOW COLUMNS FROM `topic` [ RunTime:0.005523s ]
[ 2012-10-31T17:11:31+08:00 ] SQL: SELECT t.*,u.name FROM topic t LEFT JOIN  user u on u.id=t.owner [ RunTime:0.001062s ]
[ 2012-10-31T17:11:31+08:00 ] NOTIC: [8] Use of undefined constant session - assumed 'session' d7115810a950458842d566554f7a69e6.php 第 2 行.
[ 2012-10-31T17:11:31+08:00 ] NOTIC: [8] Undefined variable: Think d7115810a950458842d566554f7a69e6.php 第 2 行.
[ 2012-10-31T17:11:31+08:00 ] NOTIC: [8] Use of undefined constant uid - assumed 'uid' d7115810a950458842d566554f7a69e6.php 第 2 行.
[ 2012-10-31T17:11:31+08:00 ] NOTIC: [8] Undefined index: uname d7115810a950458842d566554f7a69e6.php 第 2 行.
[ 2012-10-31T17:12:47+08:00 ] SQL: SHOW COLUMNS FROM `topic` [ RunTime:0.025508s ]
[ 2012-10-31T17:12:47+08:00 ] SQL: SELECT t.*,u.name FROM topic t LEFT JOIN  user u on u.id=t.owner [ RunTime:0.000354s ]
[ 2012-10-31T17:12:47+08:00 ] NOTIC: [8] Use of undefined constant session - assumed 'session' d7115810a950458842d566554f7a69e6.php 第 2 行.
[ 2012-10-31T17:12:47+08:00 ] NOTIC: [8] Undefined variable: Think d7115810a950458842d566554f7a69e6.php 第 2 行.
[ 2012-10-31T17:12:47+08:00 ] NOTIC: [8] Use of undefined constant uid - assumed 'uid' d7115810a950458842d566554f7a69e6.php 第 2 行.
[ 2012-10-31T17:12:47+08:00 ] NOTIC: [8] Undefined index: uname d7115810a950458842d566554f7a69e6.php 第 2 行.
[ 2012-10-31T17:12:50+08:00 ] NOTIC: [8] Undefined index: redirect LoginAction.class.php 第 31 行.
[ 2012-10-31T17:12:51+08:00 ] SQL: SHOW COLUMNS FROM `topic` [ RunTime:0.006501s ]
[ 2012-10-31T17:12:51+08:00 ] SQL: SELECT t.*,u.name FROM topic t LEFT JOIN  user u on u.id=t.owner [ RunTime:0.000391s ]
[ 2012-10-31T17:12:51+08:00 ] NOTIC: [8] Use of undefined constant session - assumed 'session' d7115810a950458842d566554f7a69e6.php 第 2 行.
[ 2012-10-31T17:12:51+08:00 ] NOTIC: [8] Undefined variable: Think d7115810a950458842d566554f7a69e6.php 第 2 行.
[ 2012-10-31T17:12:51+08:00 ] NOTIC: [8] Use of undefined constant uid - assumed 'uid' d7115810a950458842d566554f7a69e6.php 第 2 行.
[ 2012-10-31T17:12:51+08:00 ] NOTIC: [8] Undefined index: uname d7115810a950458842d566554f7a69e6.php 第 2 行.
[ 2012-10-31T17:12:53+08:00 ] SQL: SHOW COLUMNS FROM `topic` [ RunTime:0.005365s ]
[ 2012-10-31T17:12:53+08:00 ] SQL: SELECT t.*,u.name FROM topic t LEFT JOIN  user u on u.id=t.owner [ RunTime:0.000376s ]
[ 2012-10-31T17:12:53+08:00 ] NOTIC: [8] Use of undefined constant session - assumed 'session' d7115810a950458842d566554f7a69e6.php 第 2 行.
[ 2012-10-31T17:12:53+08:00 ] NOTIC: [8] Undefined variable: Think d7115810a950458842d566554f7a69e6.php 第 2 行.
[ 2012-10-31T17:12:53+08:00 ] NOTIC: [8] Use of undefined constant uid - assumed 'uid' d7115810a950458842d566554f7a69e6.php 第 2 行.
[ 2012-10-31T17:12:53+08:00 ] NOTIC: [8] Undefined index: uname d7115810a950458842d566554f7a69e6.php 第 2 行.
[ 2012-10-31T17:18:01+08:00 ] SQL: SHOW COLUMNS FROM `topic` [ RunTime:0.005804s ]
[ 2012-10-31T17:18:01+08:00 ] SQL: SELECT t.*,u.name FROM topic t LEFT JOIN  user u on u.id=t.owner [ RunTime:0.000317s ]
[ 2012-10-31T17:18:01+08:00 ] NOTIC: [8] Use of undefined constant session - assumed 'session' d7115810a950458842d566554f7a69e6.php 第 2 行.
[ 2012-10-31T17:18:01+08:00 ] NOTIC: [8] Undefined variable: Think d7115810a950458842d566554f7a69e6.php 第 2 行.
[ 2012-10-31T17:18:01+08:00 ] NOTIC: [8] Use of undefined constant uid - assumed 'uid' d7115810a950458842d566554f7a69e6.php 第 2 行.
[ 2012-10-31T17:19:53+08:00 ] SQL: SHOW COLUMNS FROM `topic` [ RunTime:0.007724s ]
[ 2012-10-31T17:19:53+08:00 ] SQL: SELECT t.*,u.name FROM topic t LEFT JOIN  user u on u.id=t.owner [ RunTime:0.000335s ]
[ 2012-10-31T17:19:53+08:00 ] NOTIC: [8] Undefined index: uname IndexAction.class.php 第 19 行.
[ 2012-10-31T17:21:46+08:00 ] SQL: SHOW COLUMNS FROM `topic` [ RunTime:0.005919s ]
[ 2012-10-31T17:21:46+08:00 ] SQL: SELECT t.*,u.name FROM topic t LEFT JOIN  user u on u.id=t.owner [ RunTime:0.000319s ]
[ 2012-10-31T17:21:46+08:00 ] NOTIC: [8] Undefined index: uname IndexAction.class.php 第 19 行.
[ 2012-10-31T17:27:00+08:00 ] SQL: SHOW COLUMNS FROM `topic` [ RunTime:0.007311s ]
[ 2012-10-31T17:27:00+08:00 ] SQL: SELECT t.*,u.name FROM topic t LEFT JOIN  user u on u.id=t.owner [ RunTime:0.000304s ]
[ 2012-10-31T17:27:00+08:00 ] NOTIC: [8] Undefined index: uname IndexAction.class.php 第 20 行.
[ 2012-10-31T17:27:53+08:00 ] SQL: SHOW COLUMNS FROM `topic` [ RunTime:0.005439s ]
[ 2012-10-31T17:27:53+08:00 ] SQL: SELECT t.*,u.name FROM topic t LEFT JOIN  user u on u.id=t.owner [ RunTime:0.000301s ]
[ 2012-10-31T17:27:53+08:00 ] NOTIC: [8] Undefined index: uname IndexAction.class.php 第 20 行.
[ 2012-10-31T17:28:01+08:00 ] SQL: SHOW COLUMNS FROM `user` [ RunTime:0.006637s ]
[ 2012-10-31T17:28:01+08:00 ] SQL: SELECT * FROM `user` WHERE name='xuhengfei' [ RunTime:0.000326s ]
[ 2012-10-31T17:28:01+08:00 ] NOTIC: [8] Undefined index: id LoginAction.class.php 第 16 行.
[ 2012-10-31T17:28:01+08:00 ] NOTIC: [8] Undefined index: name LoginAction.class.php 第 17 行.
[ 2012-10-31T17:28:01+08:00 ] NOTIC: [8] Undefined index: redirect LoginAction.class.php 第 18 行.
[ 2012-10-31T17:28:02+08:00 ] SQL: SHOW COLUMNS FROM `topic` [ RunTime:0.006709s ]
[ 2012-10-31T17:28:02+08:00 ] SQL: SELECT t.*,u.name FROM topic t LEFT JOIN  user u on u.id=t.owner [ RunTime:0.000325s ]
[ 2012-10-31T17:28:05+08:00 ] SQL: SHOW COLUMNS FROM `topic` [ RunTime:0.005534s ]
[ 2012-10-31T17:28:05+08:00 ] SQL: SELECT t.*,u.name FROM topic t LEFT JOIN  user u on u.id=t.owner [ RunTime:0.000358s ]
[ 2012-10-31T17:28:30+08:00 ] SQL: SHOW COLUMNS FROM `user` [ RunTime:0.005788s ]
[ 2012-10-31T17:28:30+08:00 ] SQL: SELECT * FROM `user` WHERE name='xuhengfei' [ RunTime:0.000775s ]
[ 2012-10-31T17:28:30+08:00 ] NOTIC: [8] Undefined index: redirect LoginAction.class.php 第 18 行.
[ 2012-10-31T17:28:31+08:00 ] SQL: SHOW COLUMNS FROM `topic` [ RunTime:0.005887s ]
[ 2012-10-31T17:28:31+08:00 ] SQL: SELECT t.*,u.name FROM topic t LEFT JOIN  user u on u.id=t.owner [ RunTime:0.000332s ]
[ 2012-10-31T17:28:40+08:00 ] SQL: SHOW COLUMNS FROM `topic` [ RunTime:0.007821s ]
[ 2012-10-31T17:28:40+08:00 ] SQL: SELECT t.*,u.name FROM topic t LEFT JOIN  user u on u.id=t.owner [ RunTime:0.000296s ]
[ 2012-10-31T17:29:00+08:00 ] NOTIC: [8] Undefined index: redirect LoginAction.class.php 第 33 行.
[ 2012-10-31T17:29:01+08:00 ] SQL: SHOW COLUMNS FROM `topic` [ RunTime:0.006297s ]
[ 2012-10-31T17:29:01+08:00 ] SQL: SELECT t.*,u.name FROM topic t LEFT JOIN  user u on u.id=t.owner [ RunTime:0.000347s ]
[ 2012-10-31T17:29:05+08:00 ] ERR: (ThinkException) 非法操作reg.php
[ 2012-10-31T18:12:34+08:00 ] SQL: SHOW COLUMNS FROM `user` [ RunTime:0.006563s ]
[ 2012-10-31T18:12:43+08:00 ] SQL: SHOW COLUMNS FROM `user` [ RunTime:0.006699s ]
[ 2012-10-31T18:12:51+08:00 ] SQL: SHOW COLUMNS FROM `user` [ RunTime:0.006040s ]
[ 2012-10-31T18:25:17+08:00 ] SQL: SHOW COLUMNS FROM `user` [ RunTime:0.009529s ]
[ 2012-10-31T18:25:22+08:00 ] SQL: SHOW COLUMNS FROM `user` [ RunTime:0.005853s ]
[ 2012-10-31T18:26:02+08:00 ] SQL: SHOW COLUMNS FROM `user` [ RunTime:0.009222s ]
[ 2012-10-31T18:26:15+08:00 ] SQL: SHOW COLUMNS FROM `user` [ RunTime:0.006057s ]
[ 2012-10-31T18:26:26+08:00 ] SQL: SHOW COLUMNS FROM `user` [ RunTime:0.005948s ]
[ 2012-10-31T18:55:33+08:00 ] SQL: SHOW COLUMNS FROM `user` [ RunTime:0.007304s ]
[ 2012-10-31T18:56:15+08:00 ] SQL: SHOW COLUMNS FROM `user` [ RunTime:0.005139s ]
[ 2012-10-31T18:57:12+08:00 ] SQL: SHOW COLUMNS FROM `user` [ RunTime:0.006239s ]
[ 2012-10-31T18:57:12+08:00 ] SQL: INSERT INTO `user` (`name`,`password`) VALUES ('xuhengfei2','ss') [ RunTime:0.519357s ]
[ 2012-10-31T18:57:32+08:00 ] SQL: SHOW COLUMNS FROM `user` [ RunTime:0.005656s ]
[ 2012-10-31T18:57:32+08:00 ] SQL: INSERT INTO `user` (`name`,`password`) VALUES ('xuhengfei2','123456') [ RunTime:0.110440s ]
[ 2012-10-31T19:01:20+08:00 ] SQL: SHOW COLUMNS FROM `topic` [ RunTime:0.007241s ]
[ 2012-10-31T19:01:20+08:00 ] SQL: SELECT t.*,u.name FROM topic t LEFT JOIN  user u on u.id=t.owner [ RunTime:0.000293s ]
[ 2012-10-31T19:01:35+08:00 ] SQL: SHOW COLUMNS FROM `user` [ RunTime:0.008234s ]
[ 2012-10-31T19:01:35+08:00 ] SQL: INSERT INTO `user` (`name`,`password`) VALUES ('xuhengfei','123456') [ RunTime:0.118872s ]
[ 2012-10-31T19:02:43+08:00 ] SQL: SHOW COLUMNS FROM `user` [ RunTime:0.006523s ]
[ 2012-10-31T19:02:43+08:00 ] SQL: INSERT INTO `user` (`name`,`password`) VALUES ('xuhengfei','123456') [ RunTime:0.072689s ]
[ 2012-10-31T19:02:54+08:00 ] SQL: SHOW COLUMNS FROM `user` [ RunTime:0.007416s ]
[ 2012-10-31T19:02:55+08:00 ] SQL: INSERT INTO `user` (`name`,`password`) VALUES ('xuhengfei2','123456') [ RunTime:0.131339s ]
[ 2012-10-31T19:03:03+08:00 ] SQL: SHOW COLUMNS FROM `user` [ RunTime:0.005000s ]
[ 2012-10-31T19:03:03+08:00 ] SQL: SELECT * FROM `user` WHERE name='xuhengfei' [ RunTime:0.000269s ]
[ 2012-10-31T19:03:10+08:00 ] SQL: SHOW COLUMNS FROM `user` [ RunTime:0.005036s ]
[ 2012-10-31T19:03:10+08:00 ] SQL: SELECT * FROM `user` WHERE name='xuhengfei' [ RunTime:0.000267s ]
[ 2012-10-31T19:03:10+08:00 ] NOTIC: [8] Undefined index: redirect LoginAction.class.php 第 17 行.
[ 2012-10-31T19:03:11+08:00 ] SQL: SHOW COLUMNS FROM `topic` [ RunTime:0.005293s ]
[ 2012-10-31T19:03:11+08:00 ] SQL: SELECT t.*,u.name FROM topic t LEFT JOIN  user u on u.id=t.owner [ RunTime:0.000315s ]
